<?xml version="1.0" encoding="UTF-8"?>
<testsuite name="com.actividad.proyecto.Tests" tests="2" skipped="0" failures="0" errors="0" timestamp="2020-06-04T11:44:56" hostname="IvÃ¡nGP" time="0.034">
  <properties/>
  <testcase name="test01()" classname="com.actividad.proyecto.Tests" time="0.03"/>
  <testcase name="test02()" classname="com.actividad.proyecto.Tests" time="0.003"/>
  <system-out><![CDATA[]]></system-out>
  <system-err><![CDATA[]]></system-err>
</testsuite>
